<?xml version="1.0" encoding="UTF-8"?>
<testng-results skipped="0" failed="0" total="1" passed="1">
  <reporter-output>
  </reporter-output>
  <suite name="Default suite" duration-ms="187038" started-at="2019-05-09T17:50:27Z" finished-at="2019-05-09T17:53:34Z">
    <groups>
    </groups>
    <test name="Default test" duration-ms="187038" started-at="2019-05-09T17:50:27Z" finished-at="2019-05-09T17:53:34Z">
      <class name="com.acttime.customerTest.customerTest">
        <test-method status="PASS" signature="configBeforeSuite()[pri:0, instance:com.acttime.customerTest.customerTest@3cb5cdba]" name="configBeforeSuite" is-config="true" duration-ms="152" started-at="2019-05-09T23:20:27Z" finished-at="2019-05-09T23:20:27Z">
          <reporter-output>
          </reporter-output>
        </test-method> <!-- configBeforeSuite -->
        <test-method status="PASS" signature="configBC()[pri:0, instance:com.acttime.customerTest.customerTest@3cb5cdba]" name="configBC" is-config="true" duration-ms="64504" started-at="2019-05-09T23:20:27Z" finished-at="2019-05-09T23:21:32Z">
          <reporter-output>
          </reporter-output>
        </test-method> <!-- configBC -->
        <test-method status="PASS" signature="configBM()[pri:0, instance:com.acttime.customerTest.customerTest@3cb5cdba]" name="configBM" is-config="true" duration-ms="38587" started-at="2019-05-09T23:21:32Z" finished-at="2019-05-09T23:22:10Z">
          <reporter-output>
          </reporter-output>
        </test-method> <!-- configBM -->
        <test-method status="PASS" signature="createCustomer()[pri:0, instance:com.acttime.customerTest.customerTest@3cb5cdba]" name="createCustomer" duration-ms="81095" started-at="2019-05-09T23:22:10Z" finished-at="2019-05-09T23:23:31Z">
          <reporter-output>
          </reporter-output>
        </test-method> <!-- createCustomer -->
        <test-method status="PASS" signature="configAM()[pri:0, instance:com.acttime.customerTest.customerTest@3cb5cdba]" name="configAM" is-config="true" duration-ms="103" started-at="2019-05-09T23:23:31Z" finished-at="2019-05-09T23:23:31Z">
          <reporter-output>
          </reporter-output>
        </test-method> <!-- configAM -->
        <test-method status="PASS" signature="configAc()[pri:0, instance:com.acttime.customerTest.customerTest@3cb5cdba]" name="configAc" is-config="true" duration-ms="2716" started-at="2019-05-09T23:23:31Z" finished-at="2019-05-09T23:23:34Z">
          <reporter-output>
          </reporter-output>
        </test-method> <!-- configAc -->
        <test-method status="PASS" signature="configAftereSuite()[pri:0, instance:com.acttime.customerTest.customerTest@3cb5cdba]" name="configAftereSuite" is-config="true" duration-ms="0" started-at="2019-05-09T23:23:38Z" finished-at="2019-05-09T23:23:38Z">
          <reporter-output>
          </reporter-output>
        </test-method> <!-- configAftereSuite -->
      </class> <!-- com.acttime.customerTest.customerTest -->
    </test> <!-- Default test -->
  </suite> <!-- Default suite -->
</testng-results>
